Determining if the pthread_create exist failed with the following output:
Change Dir: /home/ubuntu/suliang_git/deep_learning_inference/sample_1/cmake-build-debug/CMakeFiles/CMakeTmp

Run Build Command(s):/usr/bin/make cmTC_b154e/fast 
/usr/bin/make -f CMakeFiles/cmTC_b154e.dir/build.make CMakeFiles/cmTC_b154e.dir/build
make[1]: Entering directory '/home/ubuntu/suliang_git/deep_learning_inference/sample_1/cmake-build-debug/CMakeFiles/CMakeTmp'
Building C object CMakeFiles/cmTC_b154e.dir/CheckSymbolExists.c.o
/usr/bin/cc   -fPIC    -o CMakeFiles/cmTC_b154e.dir/CheckSymbolExists.c.o   -c /home/ubuntu/suliang_git/deep_learning_inference/sample_1/cmake-build-debug/CMakeFiles/CMakeTmp/CheckSymbolExists.c
Linking C executable cmTC_b154e
/home/ubuntu/clion-2019.1.4/bin/cmake/linux/bin/cmake -E cmake_link_script CMakeFiles/cmTC_b154e.dir/link.txt --verbose=1
/usr/bin/cc -fPIC     CMakeFiles/cmTC_b154e.dir/CheckSymbolExists.c.o  -o cmTC_b154e 
CMakeFiles/cmTC_b154e.dir/CheckSymbolExists.c.o: In function `main':
CheckSymbolExists.c:(.text+0x1b): undefined reference to `pthread_create'
collect2: error: ld returned 1 exit status
CMakeFiles/cmTC_b154e.dir/build.make:86: recipe for target 'cmTC_b154e' failed
make[1]: *** [cmTC_b154e] Error 1
make[1]: Leaving directory '/home/ubuntu/suliang_git/deep_learning_inference/sample_1/cmake-build-debug/CMakeFiles/CMakeTmp'
Makefile:121: recipe for target 'cmTC_b154e/fast' failed
make: *** [cmTC_b154e/fast] Error 2

File /home/ubuntu/suliang_git/deep_learning_inference/sample_1/cmake-build-debug/CMakeFiles/CMakeTmp/CheckSymbolExists.c:
/* */
#include <pthread.h>

int main(int argc, char** argv)
{
  (void)argv;
#ifndef pthread_create
  return ((int*)(&pthread_create))[argc];
#else
  (void)argc;
  return 0;
#endif
}

Determining if the function pthread_create exists in the pthreads failed with the following output:
Change Dir: /home/ubuntu/suliang_git/deep_learning_inference/sample_1/cmake-build-debug/CMakeFiles/CMakeTmp

Run Build Command(s):/usr/bin/make cmTC_5a847/fast 
/usr/bin/make -f CMakeFiles/cmTC_5a847.dir/build.make CMakeFiles/cmTC_5a847.dir/build
make[1]: Entering directory '/home/ubuntu/suliang_git/deep_learning_inference/sample_1/cmake-build-debug/CMakeFiles/CMakeTmp'
Building C object CMakeFiles/cmTC_5a847.dir/CheckFunctionExists.c.o
/usr/bin/cc   -fPIC -DCHECK_FUNCTION_EXISTS=pthread_create   -o CMakeFiles/cmTC_5a847.dir/CheckFunctionExists.c.o   -c /home/ubuntu/clion-2019.1.4/bin/cmake/linux/share/cmake-3.14/Modules/CheckFunctionExists.c
Linking C executable cmTC_5a847
/home/ubuntu/clion-2019.1.4/bin/cmake/linux/bin/cmake -E cmake_link_script CMakeFiles/cmTC_5a847.dir/link.txt --verbose=1
/usr/bin/cc -fPIC -DCHECK_FUNCTION_EXISTS=pthread_create    CMakeFiles/cmTC_5a847.dir/CheckFunctionExists.c.o  -o cmTC_5a847 -lpthreads 
/usr/bin/ld: cannot find -lpthreads
collect2: error: ld returned 1 exit status
CMakeFiles/cmTC_5a847.dir/build.make:86: recipe for target 'cmTC_5a847' failed
make[1]: *** [cmTC_5a847] Error 1
make[1]: Leaving directory '/home/ubuntu/suliang_git/deep_learning_inference/sample_1/cmake-build-debug/CMakeFiles/CMakeTmp'
Makefile:121: recipe for target 'cmTC_5a847/fast' failed
make: *** [cmTC_5a847/fast] Error 2


