Determining if the pthread_create exist failed with the following output:
Change Dir: /home/ubuntu/suliang_git/deep_learning_inference/onnx_to_trt/cmake-build-debug/CMakeFiles/CMakeTmp

Run Build Command(s):/usr/bin/make cmTC_26f3d/fast 
/usr/bin/make -f CMakeFiles/cmTC_26f3d.dir/build.make CMakeFiles/cmTC_26f3d.dir/build
make[1]: Entering directory '/home/ubuntu/suliang_git/deep_learning_inference/onnx_to_trt/cmake-build-debug/CMakeFiles/CMakeTmp'
Building C object CMakeFiles/cmTC_26f3d.dir/CheckSymbolExists.c.o
/usr/bin/cc    -o CMakeFiles/cmTC_26f3d.dir/CheckSymbolExists.c.o   -c /home/ubuntu/suliang_git/deep_learning_inference/onnx_to_trt/cmake-build-debug/CMakeFiles/CMakeTmp/CheckSymbolExists.c
Linking C executable cmTC_26f3d
/home/ubuntu/MySoftware/clion-2019.2/bin/cmake/linux/bin/cmake -E cmake_link_script CMakeFiles/cmTC_26f3d.dir/link.txt --verbose=1
/usr/bin/cc      CMakeFiles/cmTC_26f3d.dir/CheckSymbolExists.c.o  -o cmTC_26f3d 
CMakeFiles/cmTC_26f3d.dir/CheckSymbolExists.c.o: In function `main':
CheckSymbolExists.c:(.text+0x16): undefined reference to `pthread_create'
collect2: error: ld returned 1 exit status
CMakeFiles/cmTC_26f3d.dir/build.make:86: recipe for target 'cmTC_26f3d' failed
make[1]: *** [cmTC_26f3d] Error 1
make[1]: Leaving directory '/home/ubuntu/suliang_git/deep_learning_inference/onnx_to_trt/cmake-build-debug/CMakeFiles/CMakeTmp'
Makefile:121: recipe for target 'cmTC_26f3d/fast' failed
make: *** [cmTC_26f3d/fast] Error 2

File /home/ubuntu/suliang_git/deep_learning_inference/onnx_to_trt/cmake-build-debug/CMakeFiles/CMakeTmp/CheckSymbolExists.c:
/* */
#include <pthread.h>

int main(int argc, char** argv)
{
  (void)argv;
#ifndef pthread_create
  return ((int*)(&pthread_create))[argc];
#else
  (void)argc;
  return 0;
#endif
}

Determining if the function pthread_create exists in the pthreads failed with the following output:
Change Dir: /home/ubuntu/suliang_git/deep_learning_inference/onnx_to_trt/cmake-build-debug/CMakeFiles/CMakeTmp

Run Build Command(s):/usr/bin/make cmTC_be9e3/fast 
/usr/bin/make -f CMakeFiles/cmTC_be9e3.dir/build.make CMakeFiles/cmTC_be9e3.dir/build
make[1]: Entering directory '/home/ubuntu/suliang_git/deep_learning_inference/onnx_to_trt/cmake-build-debug/CMakeFiles/CMakeTmp'
Building C object CMakeFiles/cmTC_be9e3.dir/CheckFunctionExists.c.o
/usr/bin/cc   -DCHECK_FUNCTION_EXISTS=pthread_create   -o CMakeFiles/cmTC_be9e3.dir/CheckFunctionExists.c.o   -c /home/ubuntu/MySoftware/clion-2019.2/bin/cmake/linux/share/cmake-3.14/Modules/CheckFunctionExists.c
Linking C executable cmTC_be9e3
/home/ubuntu/MySoftware/clion-2019.2/bin/cmake/linux/bin/cmake -E cmake_link_script CMakeFiles/cmTC_be9e3.dir/link.txt --verbose=1
/usr/bin/cc  -DCHECK_FUNCTION_EXISTS=pthread_create    CMakeFiles/cmTC_be9e3.dir/CheckFunctionExists.c.o  -o cmTC_be9e3 -lpthreads 
/usr/bin/ld: cannot find -lpthreads
collect2: error: ld returned 1 exit status
CMakeFiles/cmTC_be9e3.dir/build.make:86: recipe for target 'cmTC_be9e3' failed
make[1]: *** [cmTC_be9e3] Error 1
make[1]: Leaving directory '/home/ubuntu/suliang_git/deep_learning_inference/onnx_to_trt/cmake-build-debug/CMakeFiles/CMakeTmp'
Makefile:121: recipe for target 'cmTC_be9e3/fast' failed
make: *** [cmTC_be9e3/fast] Error 2


